{
  "RSpec": {
    "coverage": {
      "/Users/kenneth/Documents/PetProjects/twelvedata_ruby/spec/support/file_fixture.rb": {
        "lines": [
          null,
          null,
          1,
          1,
          1,
          17,
          null,
          null,
          null
        ]
      },
      "/Users/kenneth/Documents/PetProjects/twelvedata_ruby/lib/twelvedata_ruby.rb": {
        "lines": [
          null,
          null,
          1,
          1,
          1,
          1,
          1,
          1,
          null,
          null,
          null,
          1,
          null,
          null,
          1,
          null,
          null,
          null,
          null,
          null,
          null,
          null,
          null,
          null,
          null,
          null,
          null,
          null,
          null,
          null,
          null,
          null,
          null,
          null,
          null,
          null,
          null,
          1,
          6,
          6,
          6,
          null,
          null
        ]
      },
      "/Users/kenneth/Documents/PetProjects/twelvedata_ruby/lib/twelvedata_ruby/utils.rb": {
        "lines": [
          null,
          null,
          1,
          1,
          1,
          25,
          null,
          null,
          null,
          1,
          28,
          null,
          1,
          null,
          null,
          1,
          20,
          null,
          null,
          1,
          66,
          null,
          null,
          1,
          17,
          null,
          null,
          1,
          145,
          null,
          null,
          1,
          289,
          null,
          null,
          null
        ]
      },
      "/Users/kenneth/Documents/PetProjects/twelvedata_ruby/lib/twelvedata_ruby/error.rb": {
        "lines": [
          null,
          null,
          1,
          1,
          1,
          null,
          null,
          null,
          null,
          null,
          null,
          null,
          null,
          null,
          1,
          null,
          1,
          31,
          31,
          null,
          null,
          null,
          1,
          1,
          25,
          25,
          null,
          null,
          null,
          null,
          null,
          null,
          null,
          null,
          null,
          null,
          null,
          1,
          null,
          1,
          null,
          1,
          null,
          1,
          1,
          null,
          null,
          null,
          null,
          null,
          null,
          null,
          null,
          1,
          null,
          null,
          null,
          1,
          20,
          null,
          20,
          null,
          null,
          1,
          null,
          1,
          6,
          6,
          6,
          6,
          6,
          null,
          null,
          null,
          1,
          null,
          1,
          null,
          1,
          null,
          1,
          null,
          1,
          null,
          1,
          null,
          1,
          null,
          1,
          null
        ]
      },
      "/Users/kenneth/Documents/PetProjects/twelvedata_ruby/lib/twelvedata_ruby/endpoint.rb": {
        "lines": [
          null,
          null,
          1,
          1,
          1,
          1,
          null,
          null,
          1,
          null,
          null,
          null,
          null,
          null,
          null,
          null,
          null,
          null,
          null,
          null,
          null,
          null,
          null,
          null,
          null,
          null,
          null,
          null,
          null,
          null,
          null,
          null,
          null,
          null,
          null,
          null,
          null,
          null,
          null,
          null,
          null,
          null,
          null,
          null,
          null,
          null,
          null,
          null,
          null,
          null,
          null,
          null,
          null,
          null,
          null,
          null,
          null,
          null,
          null,
          null,
          null,
          null,
          null,
          null,
          null,
          null,
          null,
          null,
          null,
          null,
          null,
          null,
          null,
          null,
          null,
          null,
          null,
          null,
          null,
          null,
          null,
          null,
          null,
          null,
          null,
          null,
          null,
          null,
          null,
          null,
          null,
          null,
          null,
          null,
          null,
          null,
          null,
          null,
          null,
          null,
          null,
          null,
          null,
          null,
          null,
          null,
          null,
          null,
          null,
          null,
          null,
          null,
          null,
          null,
          null,
          null,
          null,
          null,
          null,
          null,
          null,
          null,
          null,
          null,
          null,
          null,
          null,
          null,
          null,
          null,
          null,
          null,
          null,
          null,
          null,
          null,
          null,
          null,
          null,
          null,
          null,
          1,
          1,
          134,
          20,
          null,
          null,
          20,
          null,
          null,
          null,
          null,
          null,
          1,
          108,
          null,
          null,
          1,
          58,
          null,
          null,
          1,
          81,
          null,
          null,
          1,
          5,
          null,
          1,
          null,
          null,
          1,
          null,
          1,
          50,
          50,
          null,
          null,
          1,
          534,
          null,
          null,
          1,
          542,
          null,
          null,
          1,
          56,
          null,
          null,
          1,
          263,
          null,
          231,
          231,
          231,
          null,
          null,
          1,
          186,
          186,
          186,
          null,
          null,
          1,
          103,
          null,
          null,
          1,
          53,
          null,
          42,
          null,
          53,
          53,
          null,
          null,
          1,
          77,
          null,
          null,
          1,
          177,
          null,
          null,
          1,
          367,
          null,
          null,
          1,
          182,
          null,
          null,
          1,
          185,
          null,
          null,
          1,
          null,
          1,
          109,
          109,
          109,
          109,
          109,
          null,
          null,
          1,
          25,
          25,
          null,
          null,
          1,
          163,
          null,
          null,
          1,
          56,
          56,
          56,
          56,
          null,
          null,
          1,
          56,
          null,
          51,
          51,
          null,
          null,
          null
        ]
      },
      "/Users/kenneth/Documents/PetProjects/twelvedata_ruby/lib/twelvedata_ruby/request.rb": {
        "lines": [
          null,
          null,
          1,
          1,
          1,
          1,
          null,
          1,
          null,
          1,
          null,
          1,
          30,
          null,
          1,
          null,
          1,
          4,
          null,
          null,
          1,
          80,
          null,
          null,
          1,
          24,
          null,
          null,
          1,
          104,
          null,
          null,
          1,
          56,
          null,
          null,
          1,
          2,
          null,
          null,
          1,
          42,
          null,
          1,
          null,
          1,
          null,
          1,
          null,
          1,
          284,
          null,
          null,
          null
        ]
      },
      "/Users/kenneth/Documents/PetProjects/twelvedata_ruby/lib/twelvedata_ruby/response.rb": {
        "lines": [
          null,
          null,
          1,
          1,
          1,
          1,
          1,
          null,
          1,
          null,
          null,
          null,
          null,
          1,
          1,
          7,
          5,
          null,
          2,
          null,
          null,
          null,
          1,
          2,
          1,
          null,
          1,
          null,
          2,
          null,
          null,
          1,
          8,
          null,
          null,
          null,
          1,
          null,
          1,
          15,
          15,
          15,
          null,
          null,
          1,
          3,
          null,
          2,
          null,
          null,
          1,
          11,
          null,
          null,
          1,
          21,
          null,
          null,
          1,
          2,
          2,
          2,
          2,
          null,
          2,
          null,
          null,
          1,
          1,
          null,
          null,
          1,
          2,
          2,
          null,
          null,
          1,
          4,
          4,
          4,
          null,
          null,
          null,
          1,
          9,
          null,
          null,
          1,
          1,
          null,
          null,
          1,
          6,
          null,
          null,
          1,
          24,
          null,
          null,
          1,
          6,
          null,
          null,
          1,
          1,
          null,
          null,
          1,
          11,
          null,
          null,
          1,
          4,
          null,
          null,
          1,
          2,
          null,
          null,
          2,
          2,
          2,
          null,
          2,
          null,
          null,
          null,
          1,
          null,
          1,
          null,
          null
        ]
      },
      "/Users/kenneth/Documents/PetProjects/twelvedata_ruby/lib/twelvedata_ruby/client.rb": {
        "lines": [
          null,
          null,
          1,
          1,
          null,
          1,
          null,
          null,
          1,
          1,
          null,
          1,
          null,
          1,
          null,
          1,
          null,
          1,
          1,
          16,
          null,
          null,
          1,
          17,
          null,
          null,
          1,
          48,
          null,
          null,
          1,
          19,
          null,
          null,
          1,
          17,
          null,
          null,
          null,
          null,
          null,
          null,
          null,
          1,
          null,
          null,
          null,
          1,
          66,
          null,
          null,
          null,
          null,
          null,
          1,
          1,
          null,
          null,
          1,
          27,
          null,
          null,
          1,
          1,
          null,
          null,
          null,
          null,
          1,
          5,
          null,
          null,
          null,
          null,
          null,
          null,
          1,
          1,
          null,
          null,
          null,
          null,
          null,
          null,
          null,
          null,
          null,
          null,
          null,
          null,
          null,
          null,
          null,
          null,
          null,
          null,
          1,
          8,
          null,
          8,
          null,
          null,
          null,
          null,
          null,
          null,
          null,
          null,
          null,
          null,
          null,
          null,
          null,
          1,
          2,
          null,
          null,
          1,
          141,
          null,
          null,
          1,
          3,
          2,
          null,
          null,
          null,
          1,
          null,
          1,
          4,
          null,
          null,
          1,
          2,
          null,
          null,
          1,
          2,
          3,
          null,
          null,
          null,
          1,
          28,
          null,
          null,
          null
        ]
      },
      "/Users/kenneth/Documents/PetProjects/twelvedata_ruby/spec/support/stub_http.rb": {
        "lines": [
          null,
          null,
          1,
          1,
          1,
          null,
          null,
          null,
          null,
          null,
          1,
          17,
          null,
          null,
          1,
          17,
          null,
          null,
          null,
          null,
          null,
          null,
          null,
          null,
          null,
          1,
          1,
          null,
          null,
          null,
          null,
          null,
          null,
          null,
          1,
          null,
          1,
          17,
          4,
          29,
          null,
          null,
          1,
          null,
          17,
          null,
          null,
          null,
          17,
          5,
          null,
          null,
          null,
          17,
          null,
          null,
          null
        ]
      },
      "/Users/kenneth/Documents/PetProjects/twelvedata_ruby/spec/lib/twelvedata_ruby/client_spec.rb": {
        "lines": [
          null,
          null,
          null,
          null,
          null,
          1,
          1,
          1,
          1,
          null,
          null,
          1,
          1,
          null,
          null,
          1,
          1,
          null,
          null,
          null,
          1,
          1,
          1,
          1,
          null,
          null,
          1,
          1,
          1,
          1,
          null,
          null,
          1,
          1,
          null,
          null,
          1,
          1,
          null,
          null,
          null,
          1,
          1,
          null,
          null,
          null,
          1,
          6,
          11,
          null,
          1,
          1,
          null,
          null,
          1,
          1,
          1,
          1,
          1,
          1,
          1,
          1,
          1,
          null,
          null,
          1,
          2,
          null,
          null,
          null,
          1,
          2,
          1,
          null,
          1,
          1,
          2,
          2,
          null,
          null,
          1,
          1,
          null,
          null,
          null,
          null,
          1,
          5,
          5,
          null,
          1,
          2,
          null,
          null,
          1,
          1,
          1,
          2,
          2,
          null,
          null,
          1,
          1,
          1,
          1,
          null,
          null,
          1,
          1,
          null,
          null,
          null,
          1,
          1,
          1,
          null,
          null,
          null,
          null,
          null
        ]
      },
      "/Users/kenneth/Documents/PetProjects/twelvedata_ruby/spec/lib/twelvedata_ruby/endpoint_spec.rb": {
        "lines": [
          null,
          null,
          1,
          1,
          1,
          1,
          1,
          1,
          null,
          null,
          1,
          1,
          null,
          null,
          null,
          1,
          1,
          1,
          null,
          null,
          1,
          1,
          1,
          null,
          null,
          null,
          null,
          1,
          1,
          1,
          1,
          null,
          null,
          1,
          1,
          null,
          null,
          null,
          1,
          1,
          1,
          null,
          null,
          null,
          1,
          1,
          1,
          null,
          null,
          1,
          21,
          null,
          null,
          null,
          1,
          1,
          1,
          null,
          null,
          1,
          1,
          1,
          1,
          null,
          null,
          1,
          1,
          null,
          null,
          null,
          null,
          1,
          11,
          4,
          16,
          null,
          1,
          1,
          null,
          null,
          1,
          1,
          1,
          1,
          null,
          null,
          1,
          1,
          1,
          1,
          1,
          null,
          null,
          1,
          1,
          1,
          null,
          null,
          1,
          3,
          null,
          1,
          1,
          1,
          1,
          null,
          null,
          1,
          1,
          1,
          null,
          null,
          1,
          1,
          1,
          1,
          null,
          null,
          1,
          1,
          null,
          null,
          1,
          1,
          null,
          null,
          1,
          1,
          null,
          null,
          null,
          1,
          6,
          1,
          1,
          1,
          1,
          1,
          1,
          null,
          null,
          1,
          1,
          1,
          1,
          1,
          1,
          1,
          1,
          null,
          null,
          1,
          1,
          1,
          1,
          1,
          1,
          1,
          null,
          null,
          1,
          1,
          1,
          1,
          1,
          1,
          1,
          null,
          null,
          1,
          1,
          1,
          1,
          1,
          1,
          1,
          1,
          null,
          null,
          null,
          null
        ]
      },
      "/Users/kenneth/Documents/PetProjects/twelvedata_ruby/spec/lib/twelvedata_ruby/request_spec.rb": {
        "lines": [
          null,
          null,
          1,
          1,
          1,
          null,
          null,
          1,
          9,
          12,
          5,
          1,
          3,
          null,
          1,
          1,
          null,
          null,
          1,
          1,
          null,
          null,
          1,
          1,
          null,
          null,
          1,
          1,
          null,
          null,
          1,
          1,
          null,
          null,
          1,
          1,
          null,
          null,
          1,
          1,
          null,
          null,
          1,
          1,
          1,
          1,
          null,
          null,
          null,
          1,
          3,
          4,
          1,
          1,
          1,
          null,
          null,
          null,
          1,
          1,
          1,
          1,
          1,
          null,
          null,
          1,
          1,
          1,
          1,
          1,
          1,
          null,
          null,
          null,
          null
        ]
      },
      "/Users/kenneth/Documents/PetProjects/twelvedata_ruby/spec/lib/twelvedata_ruby/response_spec.rb": {
        "lines": [
          null,
          null,
          1,
          14,
          null,
          1,
          14,
          null,
          null,
          null,
          null,
          14,
          11,
          3,
          null,
          1,
          1,
          1,
          null,
          null,
          1,
          1,
          1,
          1,
          1,
          1,
          null,
          null,
          1,
          1,
          1,
          1,
          1,
          null,
          null,
          1,
          1,
          null,
          null,
          null,
          1,
          1,
          14,
          14,
          14,
          14,
          null,
          1,
          1,
          3,
          null,
          1,
          1,
          null,
          null,
          1,
          null,
          null,
          null,
          null,
          null,
          null,
          null,
          null,
          null,
          null,
          1,
          1,
          1,
          1,
          null,
          null,
          null,
          1,
          1,
          2,
          null,
          3,
          null,
          1,
          1,
          1,
          null,
          null,
          1,
          1,
          1,
          null,
          null,
          null,
          null,
          1,
          3,
          11,
          1,
          10,
          2,
          4,
          4,
          4,
          4,
          null,
          null,
          null,
          1,
          null,
          1,
          1,
          1,
          1,
          null,
          null,
          1,
          2,
          1,
          1,
          1,
          1,
          null,
          null,
          1,
          1,
          null,
          null,
          1,
          1,
          null,
          null,
          1,
          null,
          null,
          null,
          1,
          2,
          1,
          1,
          1,
          1,
          null,
          null,
          1,
          1,
          null,
          null,
          1,
          1,
          null,
          null,
          1,
          null,
          1,
          null,
          null,
          1,
          null,
          null,
          null,
          null,
          null
        ]
      },
      "/Users/kenneth/Documents/PetProjects/twelvedata_ruby/spec/twelvedata_ruby_spec.rb": {
        "lines": [
          null,
          null,
          1,
          1,
          1,
          null,
          null,
          1,
          4,
          1,
          1,
          null,
          null,
          1,
          1,
          1,
          1,
          null,
          null,
          1,
          1,
          1,
          1,
          1,
          1,
          1,
          1,
          1,
          1,
          1,
          null,
          null,
          1,
          1,
          1,
          1,
          1,
          null,
          null,
          null
        ]
      }
    },
    "timestamp": 1626139315
  }
}
